[11:35:14] [main/INFO]: Running with arguments: [--userProperties, {}, --assetsDir, C:/gradle-4.10-rc-1/caches/minecraft/assets, --assetIndex, 1.12, --accessToken{REDACTED}, --version, 1.12.2, --tweakClass, net.minecraftforge.fml.common.launcher.FMLTweaker, --tweakClass, net.minecraftforge.gradle.tweakers.CoremodTweaker]
[11:35:14] [main/INFO]: Loading tweak class name net.minecraftforge.fml.common.launcher.FMLTweaker
[11:35:14] [main/INFO]: Using primary tweak class name net.minecraftforge.fml.common.launcher.FMLTweaker
[11:35:14] [main/INFO]: Loading tweak class name net.minecraftforge.gradle.tweakers.CoremodTweaker
[11:35:14] [main/INFO]: Calling tweak class net.minecraftforge.fml.common.launcher.FMLTweaker
[11:35:14] [main/INFO]: Forge Mod Loader version 14.23.5.2768 for Minecraft 1.12.2 loading
[11:35:14] [main/INFO]: Java is Java HotSpot(TM) 64-Bit Server VM, version 1.8.0_401, running on Windows 11:amd64:10.0, installed at C:\Program Files\Java\jdk-1.8\jre
[11:35:14] [main/ERROR]: Apache Maven library folder was not in the format expected. Using default libraries directory.
[11:35:14] [main/ERROR]: Full: C:\gradle-4.10-rc-1\caches\modules-2\files-2.1\org.apache.maven\maven-artifact\3.5.3\7dc72b6d6d8a6dced3d294ed54c2cc3515ade9f4\maven-artifact-3.5.3.jar
[11:35:14] [main/ERROR]: Trimmed: c:/gradle-4.10-rc-1/caches/modules-2/files-2.1/org.apache.maven/maven-artifact/3.5.3/
[11:35:15] [main/INFO]: Managed to load a deobfuscated Minecraft name- we are in a deobfuscated environment. Skipping runtime deobfuscation
[11:35:15] [main/INFO]: Detected deobfuscated environment, loading log configs for colored console logs.
[11:35:15] [main/INFO] [FML]: Ignoring missing certificate for coremod FMLCorePlugin (net.minecraftforge.fml.relauncher.FMLCorePlugin), we are in deobf and it's a forge core plugininecraftFormatting
[11:35:15] [main/INFO] [FML]: Ignoring missing certificate for coremod FMLForgePlugin (net.minecraftforge.classloading.FMLForgePlugin), we are in deobf and it's a forge core plugininecraftFormatting
[11:35:15] [main/INFO] [FML]: Searching E:\水印\ansght\1.12.2-Forge\run\.\mods for modsinecraftFormatting
[11:35:15] [main/INFO] [LaunchWrapper]: Calling tweak class net.minecraftforge.gradle.tweakers.CoremodTweakerinecraftFormatting
[11:35:15] [main/INFO] [GradleStart]: Injecting location in coremod net.minecraftforge.fml.relauncher.FMLCorePlugininecraftFormatting
[11:35:15] [main/INFO] [GradleStart]: Injecting location in coremod net.minecraftforge.classloading.FMLForgePlugininecraftFormatting
[11:35:15] [main/INFO] [LaunchWrapper]: Loading tweak class name net.minecraftforge.fml.common.launcher.FMLInjectionAndSortingTweakerinecraftFormatting
[11:35:15] [main/INFO] [LaunchWrapper]: Loading tweak class name net.minecraftforge.fml.common.launcher.FMLDeobfTweakerinecraftFormatting
[11:35:15] [main/INFO] [LaunchWrapper]: Loading tweak class name net.minecraftforge.gradle.tweakers.AccessTransformerTweakerinecraftFormatting
[11:35:15] [main/INFO] [LaunchWrapper]: Calling tweak class net.minecraftforge.fml.common.launcher.FMLInjectionAndSortingTweakerinecraftFormatting
[11:35:15] [main/INFO] [LaunchWrapper]: Calling tweak class net.minecraftforge.fml.common.launcher.FMLInjectionAndSortingTweakerinecraftFormatting
[11:35:15] [main/INFO] [LaunchWrapper]: Calling tweak class net.minecraftforge.fml.relauncher.CoreModManager$FMLPluginWrapperinecraftFormatting
[11:35:19] [main/ERROR] [FML]: FML appears to be missing any signature data. This is not a good thinginecraftFormatting
[11:35:19] [main/INFO] [LaunchWrapper]: Calling tweak class net.minecraftforge.fml.relauncher.CoreModManager$FMLPluginWrapperinecraftFormatting
[11:35:19] [main/INFO] [LaunchWrapper]: Calling tweak class net.minecraftforge.fml.common.launcher.FMLDeobfTweakerinecraftFormatting
[11:35:20] [main/INFO] [LaunchWrapper]: Calling tweak class net.minecraftforge.gradle.tweakers.AccessTransformerTweakerinecraftFormatting
[11:35:20] [main/INFO] [LaunchWrapper]: Loading tweak class name net.minecraftforge.fml.common.launcher.TerminalTweakerinecraftFormatting
[11:35:20] [main/INFO] [LaunchWrapper]: Calling tweak class net.minecraftforge.fml.common.launcher.TerminalTweakerinecraftFormatting
[11:35:20] [main/INFO] [LaunchWrapper]: Launching wrapped minecraft {net.minecraft.client.main.Main}inecraftFormatting
[11:35:21] [main/INFO] [net.minecraft.client.Minecraft]: Setting user: Player630inecraftFormatting
[11:35:25] [main/WARN] [net.minecraft.client.settings.GameSettings]: Skipping bad option: lastServer:inecraftFormatting
[11:35:25] [main/INFO] [net.minecraft.client.Minecraft]: LWJGL Version: 2.9.4inecraftFormatting
